<?xml version="1.0" encoding="UTF-8"?>
<!-- Generated by org.testng.reporters.JUnitReportReporter -->
<testsuite hostname="LAPTOP-SMVAE1TN" failures="0" tests="5" name="com.spritecloud.testRunner.UserOperations" time="8.972" errors="0" timestamp="2023-01-16T16:56:51 IST" skipped="0">
  <testcase classname="com.spritecloud.testRunner.UserOperations" name="createUser" time="2.485"/>
  <system-out/>
  <testcase classname="com.spritecloud.testRunner.UserOperations" name="getUser01" time="1.648"/>
  <system-out/>
  <testcase classname="com.spritecloud.testRunner.UserOperations" name="getUser02" time="1.465"/>
  <system-out/>
  <testcase classname="com.spritecloud.testRunner.UserOperations" name="updateUser" time="1.098"/>
  <system-out/>
  <testcase classname="com.spritecloud.testRunner.UserOperations" name="deleteUser" time="2.276"/>
  <system-out/>
</testsuite> <!-- com.spritecloud.testRunner.UserOperations -->
