<?xml version="1.0" encoding="UTF-8"?>
<!-- Generated by org.testng.reporters.JUnitReportReporter -->
<testsuite hostname="LAPTOP-SMVAE1TN" failures="0" tests="3" name="com.spritecloud.testRunner.TestRun" time="28.353" errors="0" timestamp="2023-01-16T17:48:52 IST" skipped="0">
  <testcase classname="com.spritecloud.testRunner.TestRun" name="runScenario" time="3.501"/>
  <system-out/>
  <testcase classname="com.spritecloud.testRunner.TestRun" name="runScenario" time="6.572"/>
  <system-out/>
  <testcase classname="com.spritecloud.testRunner.TestRun" name="runScenario" time="18.280"/>
  <system-out/>
</testsuite> <!-- com.spritecloud.testRunner.TestRun -->
