<?xml version="1.0" encoding="UTF-8"?>
<!-- Generated by org.testng.reporters.JUnitReportReporter -->
<testsuite hostname="LAPTOP-SMVAE1TN" failures="0" tests="5" name="com.spritecloud.testRunner.UserOperationsRun" time="9.050" errors="0" timestamp="2023-01-16T17:46:53 IST" skipped="0">
  <testcase classname="com.spritecloud.testRunner.UserOperationsRun" name="createUser" time="2.277"/>
  <system-out/>
  <testcase classname="com.spritecloud.testRunner.UserOperationsRun" name="getUser01" time="1.167"/>
  <system-out/>
  <testcase classname="com.spritecloud.testRunner.UserOperationsRun" name="getUser02" time="1.468"/>
  <system-out/>
  <testcase classname="com.spritecloud.testRunner.UserOperationsRun" name="updateUser" time="1.210"/>
  <system-out/>
  <testcase classname="com.spritecloud.testRunner.UserOperationsRun" name="deleteUser" time="2.928"/>
  <system-out/>
</testsuite> <!-- com.spritecloud.testRunner.UserOperationsRun -->
