<?xml version="1.0" encoding="UTF-8"?>
<!-- Generated by org.testng.reporters.JUnitReportReporter -->
<testsuite hostname="LAPTOP-SMVAE1TN" failures="0" tests="3" name="com.spritecloud.testRunner.TestRun" time="32.723" errors="0" timestamp="2023-01-16T17:46:53 IST" skipped="0">
  <testcase classname="com.spritecloud.testRunner.TestRun" name="runScenario" time="7.157"/>
  <system-out/>
  <testcase classname="com.spritecloud.testRunner.TestRun" name="runScenario" time="4.641"/>
  <system-out/>
  <testcase classname="com.spritecloud.testRunner.TestRun" name="runScenario" time="20.925"/>
  <system-out/>
</testsuite> <!-- com.spritecloud.testRunner.TestRun -->
